<?xml version="1.0" encoding="UTF-8" ?>
<testsuite tests="16" failures="0" name="MathTest" time="0.042" errors="0" skipped="0">
  <properties>
    <property name="java.runtime.name" value="Java(TM) SE Runtime Environment"/>
    <property name="java.vm.version" value="15.0.2+7-27"/>
    <property name="sun.boot.library.path" value="C:\Program Files\Java\jdk-15.0.2\bin"/>
    <property name="user.country.format" value="PL"/>
    <property name="maven.multiModuleProjectDirectory" value="D:\Studia\semestr 6\TAU\TAU\lab03"/>
    <property name="java.vm.vendor" value="Oracle Corporation"/>
    <property name="java.vendor.url" value="https://java.oracle.com/"/>
    <property name="guice.disable.misplaced.annotation.check" value="true"/>
    <property name="path.separator" value=";"/>
    <property name="java.vm.name" value="Java HotSpot(TM) 64-Bit Server VM"/>
    <property name="sun.os.patch.level" value=""/>
    <property name="user.script" value=""/>
    <property name="user.country" value="US"/>
    <property name="sun.java.launcher" value="SUN_STANDARD"/>
    <property name="java.vm.specification.name" value="Java Virtual Machine Specification"/>
    <property name="user.dir" value="D:\Studia\semestr 6\TAU\TAU\lab03"/>
    <property name="java.vm.compressedOopsMode" value="Zero based"/>
    <property name="java.runtime.version" value="15.0.2+7-27"/>
    <property name="os.arch" value="amd64"/>
    <property name="java.io.tmpdir" value="C:\Users\Marcin\AppData\Local\Temp\"/>
    <property name="line.separator" value="
"/>
    <property name="java.vm.specification.vendor" value="Oracle Corporation"/>
    <property name="user.variant" value=""/>
    <property name="os.name" value="Windows 10"/>
    <property name="classworlds.conf" value="C:\Program Files\apache-maven-3.8.1\bin\..\bin\m2.conf"/>
    <property name="sun.jnu.encoding" value="Cp1250"/>
    <property name="java.library.path" value="C:\Program Files\Java\jdk-15.0.2\bin;C:\WINDOWS\Sun\Java\bin;C:\WINDOWS\system32;C:\WINDOWS;C:\Program Files\Common Files\Oracle\Java\javapath;C:\Program Files\Python38\Scripts\;C:\Program Files\Python38\;C:\Windows\system32;C:\Program Files (x86)\Common Files\Oracle\Java\javapath;C:\Windows;C:\Windows\System32\Wbem;C:\Windows\System32\WindowsPowerShell\v1.0\;C:\Program Files (x86)\NVIDIA Corporation\PhysX\Common;C:\Program Files\NVIDIA Corporation\NVIDIA NvDLISR;C:\WINDOWS\system32;C:\WINDOWS;C:\WINDOWS\System32\Wbem;C:\WINDOWS\System32\WindowsPowerShell\v1.0\;C:\WINDOWS\System32\OpenSSH\;D:\Program Files\Brackets\command;C:\Program Files (x86)\GtkSharp\2.12\bin;C:\Program Files\dotnet\;D:\Program Files\OpenCV\opencv\build\x64\vc14\bin;C:\ProgramData\chocolatey\bin;D:\Program Files\Git\cmd;C:\Users\Marcin\AppData\Roaming\nvm;C:\Program Files\nodejs;&quot;C:\Program Files\Java\jdk-15.0.2\bin;&quot;;D:\Program Files\PuTTY\;C:\Program Files\apache-maven-3.8.1\bin;C:\Users\Marcin\AppData\Local\Programs\Python\Python37\Scripts\;C:\Users\Marcin\AppData\Local\Programs\Python\Python37\;C:\Users\Marcin\AppData\Local\Microsoft\WindowsApps;C:\Users\Marcin\AppData\Local\GitHubDesktop\bin;C:\Users\Marcin\AppData\Local\Programs\Microsoft VS Code\bin;D:\Program Files\Oracle\VirtualBox;C:\Users\Marcin\AppData\Roaming\npm;C:\Program Files\node;C:\Program Files\heroku\bin;C:\Users\Marcin\AppData\Local\Microsoft\WindowsApps;."/>
    <property name="maven.conf" value="C:\Program Files\apache-maven-3.8.1\bin\../conf"/>
    <property name="jdk.debug" value="release"/>
    <property name="java.class.version" value="59.0"/>
    <property name="java.specification.name" value="Java Platform API Specification"/>
    <property name="sun.management.compiler" value="HotSpot 64-Bit Tiered Compilers"/>
    <property name="os.version" value="10.0"/>
    <property name="library.jansi.path" value="C:\Program Files\apache-maven-3.8.1\bin\..\lib\jansi-native"/>
    <property name="user.home" value="C:\Users\Marcin"/>
    <property name="user.timezone" value="Europe/Warsaw"/>
    <property name="file.encoding" value="Cp1250"/>
    <property name="java.specification.version" value="15"/>
    <property name="user.name" value="Marcin"/>
    <property name="java.class.path" value="C:\Program Files\apache-maven-3.8.1\bin\..\boot\plexus-classworlds-2.6.0.jar"/>
    <property name="java.vm.specification.version" value="15"/>
    <property name="sun.arch.data.model" value="64"/>
    <property name="sun.java.command" value="org.codehaus.plexus.classworlds.launcher.Launcher clean install"/>
    <property name="java.home" value="C:\Program Files\Java\jdk-15.0.2"/>
    <property name="user.language" value="en"/>
    <property name="java.specification.vendor" value="Oracle Corporation"/>
    <property name="user.language.format" value="pl"/>
    <property name="java.vm.info" value="mixed mode, sharing"/>
    <property name="java.version" value="15.0.2"/>
    <property name="java.vendor" value="Oracle Corporation"/>
    <property name="sun.stderr.encoding" value="cp852"/>
    <property name="maven.home" value="C:\Program Files\apache-maven-3.8.1\bin\.."/>
    <property name="file.separator" value="\"/>
    <property name="java.version.date" value="2021-01-19"/>
    <property name="java.vendor.url.bug" value="https://bugreport.java.com/bugreport/"/>
    <property name="sun.io.unicode.encoding" value="UnicodeLittle"/>
    <property name="sun.cpu.endian" value="little"/>
    <property name="sun.stdout.encoding" value="cp852"/>
    <property name="sun.cpu.isalist" value="amd64"/>
  </properties>
  <testcase classname="MathTest" name="getStringLengthDifference01" time="0.005"/>
  <testcase classname="MathTest" name="getStringLengthDifference02" time="0.001"/>
  <testcase classname="MathTest" name="charComparison01" time="0.005"/>
  <testcase classname="MathTest" name="charComparison02" time="0.002"/>
  <testcase classname="MathTest" name="compareLengthOfStrings01" time="0.001"/>
  <testcase classname="MathTest" name="compareLengthOfStrings02" time="0.001"/>
  <testcase classname="MathTest" name="divideInt01" time="0.003"/>
  <testcase classname="MathTest" name="divideInt02" time="0.001"/>
  <testcase classname="MathTest" name="divideInt03" time="0.002"/>
  <testcase classname="MathTest" name="divideInt04" time="0.005"/>
  <testcase classname="MathTest" name="subChar01" time="0.001"/>
  <testcase classname="MathTest" name="subChar02" time="0.003"/>
  <testcase classname="MathTest" name="sumChar01" time="0.001"/>
  <testcase classname="MathTest" name="sumChar02" time="0.003"/>
  <testcase classname="MathTest" name="isPrimeNumber01" time="0.003"/>
  <testcase classname="MathTest" name="isPrimeNumber02" time="0.005"/>
</testsuite>